[0603/234626.914:ERROR:process_reader_win.cc(151)] SuspendThread: Access is denied. (0x5)
[0603/234626.916:ERROR:process_reader_win.cc(123)] NtOpenThread: {Access Denied} A process has requested access to an object, but has not been granted those access rights. (0xc0000022)
[0603/234626.916:ERROR:exception_snapshot_win.cc(98)] thread ID 2952 not found in process
[0603/234626.993:ERROR:process_reader_win.cc(151)] SuspendThread: Access is denied. (0x5)
[0603/234626.993:ERROR:process_reader_win.cc(151)] SuspendThread: Access is denied. (0x5)
[0603/234626.993:ERROR:process_reader_win.cc(151)] SuspendThread: Access is denied. (0x5)
[0603/234626.993:ERROR:process_reader_win.cc(151)] SuspendThread: Access is denied. (0x5)
[0603/234626.993:ERROR:process_reader_win.cc(151)] SuspendThread: Access is denied. (0x5)
[0603/234627.414:ERROR:process_reader_win.cc(151)] SuspendThread: Access is denied. (0x5)
[0603/234627.414:ERROR:process_reader_win.cc(151)] SuspendThread: Access is denied. (0x5)
[0603/234627.414:ERROR:process_reader_win.cc(151)] SuspendThread: Access is denied. (0x5)
[0603/234627.414:ERROR:process_reader_win.cc(151)] SuspendThread: Access is denied. (0x5)
[0603/234627.414:ERROR:process_reader_win.cc(151)] SuspendThread: Access is denied. (0x5)
[0603/234626.998:ERROR:process_reader_win.cc(151)] SuspendThread: Access is denied. (0x5)
[0603/234627.414:ERROR:process_reader_win.cc(151)] SuspendThread: Access is denied. (0x5)
[0603/234627.414:ERROR:process_reader_win.cc(151)] SuspendThread: Access is denied. (0x5)
[0603/234627.414:ERROR:process_reader_win.cc(151)] SuspendThread: Access is denied. (0x5)
[0603/234627.414:ERROR:process_reader_win.cc(151)] SuspendThread: Access is denied. (0x5)
[0603/234627.226:ERROR:process_reader_win.cc(151)] SuspendThread: Access is denied. (0x5)
[0603/234627.414:ERROR:process_reader_win.cc(151)] SuspendThread: Access is denied. (0x5)
[0603/234627.367:ERROR:scoped_process_suspend.cc(31)] NtSuspendProcess: An attempt was made to access an exiting process. (0xc000010a)
[0603/234627.414:ERROR:process_reader_win.cc(151)] SuspendThread: Access is denied. (0x5)
[0603/234627.414:ERROR:process_reader_win.cc(123)] NtOpenThread: {Access Denied} A process has requested access to an object, but has not been granted those access rights. (0xc0000022)
[0603/234627.016:ERROR:process_reader_win.cc(151)] SuspendThread: Access is denied. (0x5)
[0603/234627.414:ERROR:process_info.cc(118)] ReadProcessMemory bool __cdecl crashpad::(anonymous namespace)::ReadStruct(HANDLE, crashpad::WinVMAddress, T *) [T = crashpad::process_types::PEB<crashpad::process_types::internal::Traits64>]: Only part of a ReadProcessMemory or WriteProcessMemory request was completed. (0x12B)
[0603/234627.414:ERROR:exception_snapshot_win.cc(98)] thread ID 9064 not found in process
[0603/234627.414:ERROR:process_info.cc(551)] ReadProcessData failed
[0603/234627.414:ERROR:process_reader_win.cc(151)] SuspendThread: Access is denied. (0x5)
[0603/234627.414:ERROR:process_reader_win.cc(151)] SuspendThread: Access is denied. (0x5)
[0603/234627.414:ERROR:process_reader_win.cc(151)] SuspendThread: Access is denied. (0x5)
[0603/234627.414:ERROR:process_reader_win.cc(151)] SuspendThread: Access is denied. (0x5)
[0603/234627.414:ERROR:process_reader_win.cc(151)] SuspendThread: Access is denied. (0x5)
[0603/234627.414:ERROR:process_reader_win.cc(151)] SuspendThread: Access is denied. (0x5)
[0603/234627.414:ERROR:process_reader_win.cc(151)] SuspendThread: Access is denied. (0x5)
[0603/234627.414:ERROR:process_reader_win.cc(151)] SuspendThread: Access is denied. (0x5)
[0603/234627.414:ERROR:process_reader_win.cc(151)] SuspendThread: Access is denied. (0x5)
[0603/234627.414:ERROR:process_reader_win.cc(151)] SuspendThread: Access is denied. (0x5)
[0603/234627.035:ERROR:process_reader_win.cc(151)] SuspendThread: Access is denied. (0x5)
[0603/234627.414:ERROR:process_reader_win.cc(151)] SuspendThread: Access is denied. (0x5)
[0603/234627.414:ERROR:process_reader_win.cc(151)] SuspendThread: Access is denied. (0x5)
[0603/234627.414:ERROR:process_reader_win.cc(151)] SuspendThread: Access is denied. (0x5)
[0603/234627.414:ERROR:process_reader_win.cc(151)] SuspendThread: Access is denied. (0x5)
[0603/234627.414:ERROR:process_reader_win.cc(151)] SuspendThread: Access is denied. (0x5)
[0603/234627.414:ERROR:process_reader_win.cc(151)] SuspendThread: Access is denied. (0x5)
[0603/234627.414:ERROR:process_reader_win.cc(151)] SuspendThread: Access is denied. (0x5)
[0603/234627.414:ERROR:process_reader_win.cc(151)] SuspendThread: Access is denied. (0x5)
[0603/234627.429:ERROR:process_reader_win.cc(151)] SuspendThread: Access is denied. (0x5)
[0603/234627.429:ERROR:process_reader_win.cc(151)] SuspendThread: Access is denied. (0x5)
[0603/234627.429:ERROR:process_reader_win.cc(151)] SuspendThread: Access is denied. (0x5)
[0603/234627.429:ERROR:process_reader_win.cc(151)] SuspendThread: Access is denied. (0x5)
[0603/234627.429:ERROR:process_reader_win.cc(151)] SuspendThread: Access is denied. (0x5)
[0603/234627.429:ERROR:process_reader_win.cc(123)] NtOpenThread: {Access Denied} A process has requested access to an object, but has not been granted those access rights. (0xc0000022)
[0603/234627.429:ERROR:exception_snapshot_win.cc(98)] thread ID 28248 not found in process
[0603/234627.414:ERROR:process_reader_win.cc(151)] SuspendThread: Access is denied. (0x5)
[0603/234627.429:ERROR:process_reader_win.cc(123)] NtOpenThread: {Access Denied} A process has requested access to an object, but has not been granted those access rights. (0xc0000022)
[0603/234627.429:ERROR:exception_snapshot_win.cc(98)] thread ID 168 not found in process
[0603/234627.429:ERROR:scoped_process_suspend.cc(31)] NtSuspendProcess: An attempt was made to access an exiting process. (0xc000010a)
[0603/234627.429:ERROR:process_info.cc(118)] ReadProcessMemory bool __cdecl crashpad::(anonymous namespace)::ReadStruct(HANDLE, crashpad::WinVMAddress, T *) [T = crashpad::process_types::PEB<crashpad::process_types::internal::Traits64>]: Only part of a ReadProcessMemory or WriteProcessMemory request was completed. (0x12B)
[0603/234627.429:ERROR:process_info.cc(551)] ReadProcessData failed
[0603/234627.429:ERROR:scoped_process_suspend.cc(31)] NtSuspendProcess: An attempt was made to access an exiting process. (0xc000010a)
[0603/234627.429:ERROR:process_info.cc(118)] ReadProcessMemory bool __cdecl crashpad::(anonymous namespace)::ReadStruct(HANDLE, crashpad::WinVMAddress, T *) [T = crashpad::process_types::PEB<crashpad::process_types::internal::Traits64>]: Only part of a ReadProcessMemory or WriteProcessMemory request was completed. (0x12B)
[0603/234627.429:ERROR:process_reader_win.cc(123)] NtOpenThread: {Access Denied} A process has requested access to an object, but has not been granted those access rights. (0xc0000022)
[0603/234627.429:ERROR:exception_snapshot_win.cc(98)] thread ID 14076 not found in process
[0603/234627.429:ERROR:process_info.cc(551)] ReadProcessData failed
[0603/234627.429:ERROR:scoped_process_suspend.cc(31)] NtSuspendProcess: An attempt was made to access an exiting process. (0xc000010a)
[0603/234627.414:ERROR:process_reader_win.cc(151)] SuspendThread: Access is denied. (0x5)
[0603/234627.429:ERROR:process_reader_win.cc(151)] SuspendThread: Access is denied. (0x5)
[0603/234627.429:ERROR:process_reader_win.cc(151)] SuspendThread: Access is denied. (0x5)
[0603/234627.429:ERROR:process_reader_win.cc(151)] SuspendThread: Access is denied. (0x5)
[0603/234627.429:ERROR:process_reader_win.cc(151)] SuspendThread: Access is denied. (0x5)
[0603/234627.429:ERROR:process_reader_win.cc(151)] SuspendThread: Access is denied. (0x5)
[0603/234627.429:ERROR:process_reader_win.cc(151)] SuspendThread: Access is denied. (0x5)
[0603/234627.429:ERROR:process_reader_win.cc(151)] SuspendThread: Access is denied. (0x5)
[0603/234627.429:ERROR:process_reader_win.cc(151)] SuspendThread: Access is denied. (0x5)
[0603/234627.429:ERROR:process_reader_win.cc(151)] SuspendThread: Access is denied. (0x5)
[0603/234627.429:ERROR:process_reader_win.cc(123)] NtOpenThread: {Access Denied} A process has requested access to an object, but has not been granted those access rights. (0xc0000022)
[0603/234627.414:ERROR:process_reader_win.cc(151)] SuspendThread: Access is denied. (0x5)
[0603/234627.429:ERROR:exception_snapshot_win.cc(98)] thread ID 19224 not found in process
[0603/234627.429:ERROR:process_reader_win.cc(151)] SuspendThread: Access is denied. (0x5)
[0603/234627.429:ERROR:process_reader_win.cc(151)] SuspendThread: Access is denied. (0x5)
[0603/234627.429:ERROR:process_reader_win.cc(123)] NtOpenThread: {Access Denied} A process has requested access to an object, but has not been granted those access rights. (0xc0000022)
[0603/234627.429:ERROR:exception_snapshot_win.cc(98)] thread ID 3560 not found in process
[0603/234627.429:ERROR:process_info.cc(118)] ReadProcessMemory bool __cdecl crashpad::(anonymous namespace)::ReadStruct(HANDLE, crashpad::WinVMAddress, T *) [T = crashpad::process_types::PEB<crashpad::process_types::internal::Traits64>]: Only part of a ReadProcessMemory or WriteProcessMemory request was completed. (0x12B)
[0603/234627.429:ERROR:process_info.cc(551)] ReadProcessData failed
[0603/234627.461:ERROR:process_reader_win.cc(123)] NtOpenThread: {Access Denied} A process has requested access to an object, but has not been granted those access rights. (0xc0000022)
[0603/234627.461:ERROR:exception_snapshot_win.cc(98)] thread ID 24836 not found in process
